2022-05-16 12:25:16.209 [main] DEBUG tasks.wednesday11may.task5.Truck - logger debug level
2022-05-16 12:25:16.211 [main] INFO  tasks.wednesday11may.task5.Truck - logger info level
2022-05-16 12:25:16.211 [main] WARN  tasks.wednesday11may.task5.Truck - logger warn level
2022-05-16 12:25:16.211 [main] ERROR tasks.wednesday11may.task5.Truck - logger error level
2022-05-16 12:25:16.211 [main] FATAL tasks.wednesday11may.task5.Truck - logger fatal level
2022-05-16 12:25:16.211 [main] DEBUG tasks.wednesday11may.task5.Truck - logger debug level
2022-05-16 12:25:16.212 [main] INFO  tasks.wednesday11may.task5.Truck - logger info level
2022-05-16 12:25:16.212 [main] WARN  tasks.wednesday11may.task5.Truck - logger warn level
2022-05-16 12:25:16.212 [main] ERROR tasks.wednesday11may.task5.Truck - logger error level
2022-05-16 12:25:16.212 [main] FATAL tasks.wednesday11may.task5.Truck - logger fatal level
2022-05-16 12:25:33.555 [main] INFO  tasks.wednesday11may.task5.Truck - logger info level
2022-05-16 12:25:33.558 [main] WARN  tasks.wednesday11may.task5.Truck - logger warn level
2022-05-16 12:25:33.558 [main] ERROR tasks.wednesday11may.task5.Truck - logger error level
2022-05-16 12:25:33.559 [main] FATAL tasks.wednesday11may.task5.Truck - logger fatal level
2022-05-16 12:25:33.559 [main] INFO  tasks.wednesday11may.task5.Truck - logger info level
2022-05-16 12:25:33.559 [main] WARN  tasks.wednesday11may.task5.Truck - logger warn level
2022-05-16 12:25:33.559 [main] ERROR tasks.wednesday11may.task5.Truck - logger error level
2022-05-16 12:25:33.559 [main] FATAL tasks.wednesday11may.task5.Truck - logger fatal level
2022-05-16 12:53:02.642 [main] INFO  tasks.wednesday11may.task5.Truck - logger info level
2022-05-16 12:53:02.644 [main] WARN  tasks.wednesday11may.task5.Truck - logger warn level
2022-05-16 12:53:02.644 [main] ERROR tasks.wednesday11may.task5.Truck - logger error level
2022-05-16 12:53:02.644 [main] FATAL tasks.wednesday11may.task5.Truck - logger fatal level
2022-05-16 12:53:02.644 [main] INFO  tasks.wednesday11may.task5.Truck - logger info level
2022-05-16 12:53:02.645 [main] WARN  tasks.wednesday11may.task5.Truck - logger warn level
2022-05-16 12:53:02.645 [main] ERROR tasks.wednesday11may.task5.Truck - logger error level
2022-05-16 12:53:02.645 [main] FATAL tasks.wednesday11may.task5.Truck - logger fatal level
2022-05-16 12:54:16.092 [main] INFO  tasks.wednesday11may.task5.Truck - logger info level
2022-05-16 12:54:16.094 [main] WARN  tasks.wednesday11may.task5.Truck - logger warn level
2022-05-16 12:54:16.094 [main] ERROR tasks.wednesday11may.task5.Truck - logger error level
2022-05-16 12:54:16.094 [main] FATAL tasks.wednesday11may.task5.Truck - logger fatal level
2022-05-16 12:54:16.094 [main] INFO  tasks.wednesday11may.task5.Truck - logger info level
2022-05-16 12:54:16.094 [main] WARN  tasks.wednesday11may.task5.Truck - logger warn level
2022-05-16 12:54:16.094 [main] ERROR tasks.wednesday11may.task5.Truck - logger error level
2022-05-16 12:54:16.094 [main] FATAL tasks.wednesday11may.task5.Truck - logger fatal level
2022-05-16 13:34:03.213 [main] INFO  tasks.wednesday11may.task5.Truck - logger info level
2022-05-16 13:34:03.216 [main] WARN  tasks.wednesday11may.task5.Truck - logger warn level
2022-05-16 13:34:03.216 [main] ERROR tasks.wednesday11may.task5.Truck - logger error level
2022-05-16 13:34:03.217 [main] FATAL tasks.wednesday11may.task5.Truck - logger fatal level
2022-05-16 13:34:03.217 [main] INFO  tasks.wednesday11may.task5.Truck - logger info level
2022-05-16 13:34:03.217 [main] WARN  tasks.wednesday11may.task5.Truck - logger warn level
2022-05-16 13:34:03.217 [main] ERROR tasks.wednesday11may.task5.Truck - logger error level
2022-05-16 13:34:03.217 [main] FATAL tasks.wednesday11may.task5.Truck - logger fatal level
2022-05-16 13:43:47.843 [main] INFO  tasks.wednesday11may.task5.Truck - logger info level
2022-05-16 13:43:47.846 [main] WARN  tasks.wednesday11may.task5.Truck - logger warn level
2022-05-16 13:43:47.846 [main] ERROR tasks.wednesday11may.task5.Truck - logger error level
2022-05-16 13:43:47.846 [main] FATAL tasks.wednesday11may.task5.Truck - logger fatal level
2022-05-16 13:43:47.846 [main] INFO  tasks.wednesday11may.task5.Truck - logger info level
2022-05-16 13:43:47.846 [main] WARN  tasks.wednesday11may.task5.Truck - logger warn level
2022-05-16 13:43:47.846 [main] ERROR tasks.wednesday11may.task5.Truck - logger error level
2022-05-16 13:43:47.846 [main] FATAL tasks.wednesday11may.task5.Truck - logger fatal level
2022-05-16 13:44:06.046 [main] INFO  tasks.wednesday11may.task5.Truck - logger info level
2022-05-16 13:44:06.055 [main] WARN  tasks.wednesday11may.task5.Truck - logger warn level
2022-05-16 13:44:06.055 [main] ERROR tasks.wednesday11may.task5.Truck - logger error level
2022-05-16 13:44:06.056 [main] FATAL tasks.wednesday11may.task5.Truck - logger fatal level
2022-05-16 13:44:07.703 [main] INFO  tasks.wednesday11may.task5.Truck - logger info level
2022-05-16 13:44:07.703 [main] WARN  tasks.wednesday11may.task5.Truck - logger warn level
2022-05-16 13:44:07.704 [main] ERROR tasks.wednesday11may.task5.Truck - logger error level
2022-05-16 13:44:07.704 [main] FATAL tasks.wednesday11may.task5.Truck - logger fatal level
